Build started 30/12/2015 13:03:12.
     1>Project "C:\Users\Student\Downloads\client\client\client.vcxproj" on node 2 (build target(s)).
     1>InitializeBuildStatus:
         Touching "Debug\client.unsuccessfulbuild".
       ClCompile:
         c:\Program Files (x86)\Microsoft Visual Studio 10.0\VC\bin\CL.exe /c /ZI /nologo /W3 /WX- /Od /Oy- /D _MBCS /Gm /EHsc /RTC1 /MDd /GS /fp:precise /Zc:wchar_t /Zc:forScope /Fo"Debug\\" /Fd"Debug\vc100.pdb" /Gd /TC /analyze- /errorReport:prompt client.c main.c
         main.c
         client.c
         Generating Code...
       Link:
         c:\Program Files (x86)\Microsoft Visual Studio 10.0\VC\bin\link.exe /ERRORREPORT:PROMPT /OUT:"C:\Users\Student\Downloads\client\Debug\client.exe" /NOLOGO kernel32.lib user32.lib gdi32.lib winspool.lib comdlg32.lib advapi32.lib shell32.lib ole32.lib oleaut32.lib uuid.lib odbc32.lib odbccp32.lib /MANIFEST /ManifestFile:"Debug\client.exe.intermediate.manifest" /MANIFESTUAC:"level='asInvoker' uiAccess='false'" /DEBUG /PDB:"C:\Users\Student\Downloads\client\Debug\client.pdb" /TLBID:1 /DYNAMICBASE /NXCOMPAT /IMPLIB:"C:\Users\Student\Downloads\client\Debug\client.lib" /MACHINE:X86 Debug\client.obj
         Debug\main.obj
         Debug\SocketSendRecvTools.obj
         client.vcxproj -> C:\Users\Student\Downloads\client\Debug\client.exe
       Manifest:
         C:\Program Files (x86)\Microsoft SDKs\Windows\v7.0A\bin\mt.exe /nologo /verbose /outputresource:"C:\Users\Student\Downloads\client\Debug\client.exe;#1" /manifest Debug\client.exe.intermediate.manifest
       FinalizeBuildStatus:
         Deleting file "Debug\client.unsuccessfulbuild".
         Touching "Debug\client.lastbuildstate".
     1>Done Building Project "C:\Users\Student\Downloads\client\client\client.vcxproj" (build target(s)).

Build succeeded.

Time Elapsed 00:00:02.44
